<?xml version="1.0" encoding="UTF-8"?>
<!-- Generated by org.testng.reporters.JUnitXMLReporter -->
<testsuite ignored="0" hostname="Rekhas-MacBook-Pro.local" failures="0" tests="7" name="Command line test" time="45.576" errors="0" timestamp="2021-03-13T08:22:00 IST">
  <testcase classname="tests.ClearCartTest" name="clearCart" time="6.665"/>
  <testcase classname="tests.AddToCartAndValidateOrderAmountTest" name="addToCartAndValidateOrderAmount" time="6.777"/>
  <testcase classname="tests.SearchAndFilterProductTest" name="filterProducts" time="4.177"/>
  <testcase classname="tests.LoginAndLogoutTest" name="Login" time="2.542"/>
  <testcase classname="tests.LoginAndLogoutTest" name="Logout" time="1.432"/>
  <testcase classname="tests.SearchProductTest" name="searchProduct" time="4.509"/>
  <testcase classname="tests.SearchProductTest" name="searchProduct" time="1.384"/>
</testsuite> <!-- Command line test -->
