<?xml version="1.0" encoding="UTF-8"?>
<testng-results ignored="0" total="7" passed="7" failed="0" skipped="0">
  <reporter-output>
  </reporter-output>
  <suite started-at="2021-03-13T08:21:10 IST" name="Command line suite" finished-at="2021-03-13T08:21:55 IST" duration-ms="45576">
    <groups>
    </groups>
    <test started-at="2021-03-13T08:21:10 IST" name="Command line test" finished-at="2021-03-13T08:21:55 IST" duration-ms="45576">
      <class name="tests.ClearCartTest">
        <test-method is-config="true" signature="setDriver()[pri:0, instance:tests.ClearCartTest@704d6e83]" started-at="2021-03-13T08:21:10 IST" name="setDriver" finished-at="2021-03-13T08:21:14 IST" duration-ms="4382" status="PASS">
          <reporter-output>
          </reporter-output>
        </test-method> <!-- setDriver -->
        <test-method signature="clearCart()[pri:0, instance:tests.ClearCartTest@704d6e83]" started-at="2021-03-13T08:21:14 IST" name="clearCart" finished-at="2021-03-13T08:21:21 IST" duration-ms="6665" status="PASS">
          <reporter-output>
          </reporter-output>
        </test-method> <!-- clearCart -->
        <test-method is-config="true" signature="tearDown()[pri:0, instance:tests.ClearCartTest@704d6e83]" started-at="2021-03-13T08:21:21 IST" name="tearDown" finished-at="2021-03-13T08:21:21 IST" duration-ms="151" status="PASS">
          <reporter-output>
          </reporter-output>
        </test-method> <!-- tearDown -->
      </class> <!-- tests.ClearCartTest -->
      <class name="tests.LoginAndLogoutTest">
        <test-method is-config="true" signature="setDriver()[pri:0, instance:tests.LoginAndLogoutTest@3578436e]" started-at="2021-03-13T08:21:38 IST" name="setDriver" finished-at="2021-03-13T08:21:41 IST" duration-ms="3135" status="PASS">
          <reporter-output>
          </reporter-output>
        </test-method> <!-- setDriver -->
        <test-method signature="Login()[pri:1, instance:tests.LoginAndLogoutTest@3578436e]" started-at="2021-03-13T08:21:41 IST" name="Login" finished-at="2021-03-13T08:21:44 IST" duration-ms="2542" status="PASS">
          <reporter-output>
          </reporter-output>
        </test-method> <!-- Login -->
        <test-method signature="Logout()[pri:2, instance:tests.LoginAndLogoutTest@3578436e]" started-at="2021-03-13T08:21:44 IST" name="Logout" finished-at="2021-03-13T08:21:45 IST" duration-ms="1432" status="PASS">
          <reporter-output>
          </reporter-output>
        </test-method> <!-- Logout -->
        <test-method is-config="true" signature="tearDown()[pri:0, instance:tests.LoginAndLogoutTest@3578436e]" started-at="2021-03-13T08:21:45 IST" name="tearDown" finished-at="2021-03-13T08:21:46 IST" duration-ms="126" status="PASS">
          <reporter-output>
          </reporter-output>
        </test-method> <!-- tearDown -->
      </class> <!-- tests.LoginAndLogoutTest -->
      <class name="tests.AddToCartAndValidateOrderAmountTest">
        <test-method is-config="true" signature="setDriver()[pri:0, instance:tests.AddToCartAndValidateOrderAmountTest@43a0cee9]" started-at="2021-03-13T08:21:21 IST" name="setDriver" finished-at="2021-03-13T08:21:24 IST" duration-ms="3205" status="PASS">
          <reporter-output>
          </reporter-output>
        </test-method> <!-- setDriver -->
        <test-method signature="addToCartAndValidateOrderAmount()[pri:0, instance:tests.AddToCartAndValidateOrderAmountTest@43a0cee9]" started-at="2021-03-13T08:21:24 IST" name="addToCartAndValidateOrderAmount" finished-at="2021-03-13T08:21:31 IST" duration-ms="6777" status="PASS">
          <reporter-output>
          </reporter-output>
        </test-method> <!-- addToCartAndValidateOrderAmount -->
        <test-method is-config="true" signature="tearDown()[pri:0, instance:tests.AddToCartAndValidateOrderAmountTest@43a0cee9]" started-at="2021-03-13T08:21:31 IST" name="tearDown" finished-at="2021-03-13T08:21:31 IST" duration-ms="153" status="PASS">
          <reporter-output>
          </reporter-output>
        </test-method> <!-- tearDown -->
      </class> <!-- tests.AddToCartAndValidateOrderAmountTest -->
      <class name="tests.SearchProductTest">
        <test-method is-config="true" signature="setDriver()[pri:0, instance:tests.SearchProductTest@706a04ae]" started-at="2021-03-13T08:21:46 IST" name="setDriver" finished-at="2021-03-13T08:21:49 IST" duration-ms="3525" status="PASS">
          <reporter-output>
          </reporter-output>
        </test-method> <!-- setDriver -->
        <test-method signature="searchProduct(java.lang.String)[pri:0, instance:tests.SearchProductTest@706a04ae]" started-at="2021-03-13T08:21:49 IST" name="searchProduct" data-provider="searchPhrases" finished-at="2021-03-13T08:21:54 IST" duration-ms="4509" status="PASS">
          <params>
            <param index="0">
              <value>
                <![CDATA[ruby]]>
              </value>
            </param>
          </params>
          <reporter-output>
          </reporter-output>
        </test-method> <!-- searchProduct -->
        <test-method signature="searchProduct(java.lang.String)[pri:0, instance:tests.SearchProductTest@706a04ae]" started-at="2021-03-13T08:21:54 IST" name="searchProduct" data-provider="searchPhrases" finished-at="2021-03-13T08:21:55 IST" duration-ms="1384" status="PASS">
          <params>
            <param index="0">
              <value>
                <![CDATA[apache]]>
              </value>
            </param>
          </params>
          <reporter-output>
          </reporter-output>
        </test-method> <!-- searchProduct -->
        <test-method is-config="true" signature="tearDown()[pri:0, instance:tests.SearchProductTest@706a04ae]" started-at="2021-03-13T08:21:55 IST" name="tearDown" finished-at="2021-03-13T08:21:55 IST" duration-ms="118" status="PASS">
          <reporter-output>
          </reporter-output>
        </test-method> <!-- tearDown -->
      </class> <!-- tests.SearchProductTest -->
      <class name="tests.SearchAndFilterProductTest">
        <test-method is-config="true" signature="setDriver()[pri:0, instance:tests.SearchAndFilterProductTest@2eda0940]" started-at="2021-03-13T08:21:31 IST" name="setDriver" finished-at="2021-03-13T08:21:34 IST" duration-ms="3119" status="PASS">
          <reporter-output>
          </reporter-output>
        </test-method> <!-- setDriver -->
        <test-method signature="filterProducts()[pri:0, instance:tests.SearchAndFilterProductTest@2eda0940]" started-at="2021-03-13T08:21:34 IST" name="filterProducts" finished-at="2021-03-13T08:21:38 IST" duration-ms="4177" status="PASS">
          <reporter-output>
          </reporter-output>
        </test-method> <!-- filterProducts -->
        <test-method is-config="true" signature="tearDown()[pri:0, instance:tests.SearchAndFilterProductTest@2eda0940]" started-at="2021-03-13T08:21:38 IST" name="tearDown" finished-at="2021-03-13T08:21:38 IST" duration-ms="123" status="PASS">
          <reporter-output>
          </reporter-output>
        </test-method> <!-- tearDown -->
      </class> <!-- tests.SearchAndFilterProductTest -->
    </test> <!-- Command line test -->
  </suite> <!-- Command line suite -->
</testng-results>
