<?xml version="1.0" encoding="UTF-8"?>
<testng-results ignored="0" total="2" passed="2" failed="0" skipped="0">
  <reporter-output>
  </reporter-output>
  <suite started-at="2021-03-13T07:43:22 IST" name="Default Suite" finished-at="2021-03-13T07:43:30 IST" duration-ms="7873">
    <groups>
    </groups>
    <test started-at="2021-03-13T07:43:22 IST" name="spreeproject" finished-at="2021-03-13T07:43:30 IST" duration-ms="7873">
      <class name="tests.LoginAndLogoutTest">
        <test-method is-config="true" signature="setDriver()[pri:0, instance:tests.LoginAndLogoutTest@76b10754]" started-at="2021-03-13T07:43:22 IST" name="setDriver" finished-at="2021-03-13T07:43:26 IST" duration-ms="4338" status="PASS">
          <reporter-output>
          </reporter-output>
        </test-method> <!-- setDriver -->
        <test-method signature="Login()[pri:1, instance:tests.LoginAndLogoutTest@76b10754]" started-at="2021-03-13T07:43:26 IST" name="Login" finished-at="2021-03-13T07:43:29 IST" duration-ms="2127" status="PASS">
          <reporter-output>
          </reporter-output>
        </test-method> <!-- Login -->
        <test-method signature="Logout()[pri:2, instance:tests.LoginAndLogoutTest@76b10754]" started-at="2021-03-13T07:43:29 IST" name="Logout" finished-at="2021-03-13T07:43:30 IST" duration-ms="1208" status="PASS">
          <reporter-output>
          </reporter-output>
        </test-method> <!-- Logout -->
        <test-method is-config="true" signature="tearDown()[pri:0, instance:tests.LoginAndLogoutTest@76b10754]" started-at="2021-03-13T07:43:30 IST" name="tearDown" finished-at="2021-03-13T07:43:30 IST" duration-ms="148" status="PASS">
          <reporter-output>
          </reporter-output>
        </test-method> <!-- tearDown -->
      </class> <!-- tests.LoginAndLogoutTest -->
    </test> <!-- spreeproject -->
  </suite> <!-- Default Suite -->
</testng-results>
